21:11:49.872 [main] INFO  MsocialApplication - Starting MsocialApplication using Java 11.0.21 on DESKTOP-9RSRT2L with PID 21556 (C:\projects\m-social\target\classes started by north in C:\projects\m-social)
21:11:49.876 [main] INFO  MsocialApplication - No active profile set, falling back to 1 default profile: "default"
21:11:50.643 [main] INFO  RepositoryConfigurationDelegate - Bootstrapping Spring Data JPA repositories in DEFAULT mode.
21:11:50.724 [main] INFO  RepositoryConfigurationDelegate - Finished Spring Data repository scanning in 66 ms. Found 3 JPA repository interfaces.
21:11:51.582 [main] INFO  TomcatWebServer - Tomcat initialized with port(s): 8080 (http)
21:11:51.594 [main] INFO  Http11NioProtocol - Initializing ProtocolHandler ["http-nio-8080"]
21:11:51.598 [main] INFO  StandardService - Starting service [Tomcat]
21:11:51.599 [main] INFO  StandardEngine - Starting Servlet engine: [Apache Tomcat/9.0.83]
21:11:51.761 [main] INFO  [/] - Initializing Spring embedded WebApplicationContext
21:11:51.761 [main] INFO  ServletWebServerApplicationContext - Root WebApplicationContext: initialization completed in 1821 ms
21:11:51.807 [main] INFO  HikariDataSource - HikariPool-1 - Starting...
21:11:52.084 [main] INFO  HikariDataSource - HikariPool-1 - Start completed.
21:11:52.101 [main] INFO  H2ConsoleAutoConfiguration - H2 console available at '/h2'. Database available at 'jdbc:h2:mem:testdb'
21:11:52.330 [main] INFO  database - Set default schema name to PUBLIC
21:11:52.986 [main] INFO  changelog - Creating database history table with name: PUBLIC.DATABASECHANGELOG
21:11:53.115 [main] INFO  changelog - Reading from PUBLIC.DATABASECHANGELOG
21:11:53.228 [main] INFO  lockservice - Successfully acquired change log lock
21:11:53.229 [main] INFO  command - Using deploymentId: 4478313229
21:11:53.231 [main] INFO  changelog - Reading from PUBLIC.DATABASECHANGELOG
21:11:53.300 [main] INFO  changelog - Table daily_domains created
21:11:53.301 [main] INFO  changelog - ChangeSet liquibase/script/create-daily_domains-table.xml::create-daily-domains-table::Severin Artem ran successfully in 30ms
21:11:53.316 [main] INFO  changelog - Table users created
21:11:53.316 [main] INFO  changelog - ChangeSet liquibase/script/create-users-table.xml::create-users-table::Severin Artem ran successfully in 5ms
21:11:53.331 [main] INFO  changelog - Table messages created
21:11:53.339 [main] INFO  changelog - Foreign key constraint added to messages (user_id)
21:11:53.339 [main] INFO  changelog - ChangeSet liquibase/script/create-messages-table.xml::create-messages-table::Severin Artem ran successfully in 15ms
21:11:53.346 [main] INFO  util - UPDATE SUMMARY
21:11:53.346 [main] INFO  util - Run:                          3
21:11:53.346 [main] INFO  util - Previously run:               0
21:11:53.346 [main] INFO  util - Filtered out:                 0
21:11:53.346 [main] INFO  util - -------------------------------
21:11:53.346 [main] INFO  util - Total change sets:            3
21:11:53.346 [main] INFO  util - Update summary generated
21:11:53.349 [main] INFO  command - Update command completed successfully.
21:11:53.350 [main] INFO  lockservice - Successfully released change log lock
21:11:53.351 [main] INFO  command - Command execution complete
21:11:53.521 [main] INFO  LogHelper - HHH000204: Processing PersistenceUnitInfo [name: default]
21:11:53.590 [main] INFO  Version - HHH000412: Hibernate ORM core version 5.6.15.Final
21:11:53.804 [main] INFO  Version - HCANN000001: Hibernate Commons Annotations {5.1.2.Final}
21:11:53.957 [main] INFO  Dialect - HHH000400: Using dialect: org.hibernate.dialect.H2Dialect
21:11:54.677 [main] INFO  JtaPlatformInitiator - HHH000490: Using JtaPlatform implementation: [org.hibernate.engine.transaction.jta.platform.internal.NoJtaPlatform]
21:11:54.690 [main] INFO  LocalContainerEntityManagerFactoryBean - Initialized JPA EntityManagerFactory for persistence unit 'default'
21:11:55.443 [main] WARN  JpaBaseConfiguration$JpaWebConfiguration - spring.jpa.open-in-view is enabled by default. Therefore, database queries may be performed during view rendering. Explicitly configure spring.jpa.open-in-view to disable this warning
21:11:55.843 [main] INFO  Http11NioProtocol - Starting ProtocolHandler ["http-nio-8080"]
21:11:55.869 [main] INFO  TomcatWebServer - Tomcat started on port(s): 8080 (http) with context path ''
21:11:55.886 [main] INFO  MsocialApplication - Started MsocialApplication in 6.498 seconds (JVM running for 7.258)
21:12:12.000 [SpringApplicationShutdownHook] INFO  LocalContainerEntityManagerFactoryBean - Closing JPA EntityManagerFactory for persistence unit 'default'
21:12:12.006 [SpringApplicationShutdownHook] INFO  HikariDataSource - HikariPool-1 - Shutdown initiated...
21:12:12.017 [SpringApplicationShutdownHook] INFO  HikariDataSource - HikariPool-1 - Shutdown completed.
